<?xml version="1.0" encoding="UTF-8"?>
<!-- Generated by org.testng.reporters.JUnitReportReporter -->
<testsuite hostname="DESKTOP-DN37M11" failures="0" tests="1" name="AddHeaderTest" time="3.328" errors="0" timestamp="2023-09-24T08:35:03 IST" skipped="0">
  <testcase classname="AddHeaderTest" name="AddHeaders" time="3.328"/>
</testsuite> <!-- AddHeaderTest -->
