<?xml version="1.0" encoding="UTF-8"?>
<!-- Generated by org.testng.reporters.JUnitReportReporter -->
<testsuite hostname="DESKTOP-DN37M11" failures="0" tests="1" name="BasicRestTest.GetPostValidation" time="3.711" errors="0" timestamp="2023-09-17T11:45:36 IST" skipped="0">
  <testcase classname="BasicRestTest.GetPostValidation" name="getAPiValidation" time="3.711"/>
</testsuite> <!-- BasicRestTest.GetPostValidation -->
