<?xml version="1.0" encoding="UTF-8"?>
<!-- Generated by org.testng.reporters.JUnitReportReporter -->
<testsuite hostname="DESKTOP-DN37M11" failures="0" tests="1" name="Authorization.BearerToken" time="4.302" errors="0" timestamp="2023-09-23T10:34:14 IST" skipped="0">
  <testcase classname="Authorization.BearerToken" name="bearerToken" time="4.302"/>
</testsuite> <!-- Authorization.BearerToken -->
