<?xml version="1.0" encoding="UTF-8"?>
<!-- Generated by org.testng.reporters.JUnitReportReporter -->
<testsuite hostname="DESKTOP-DN37M11" failures="0" tests="2" name="ResponseSpecbuilder.ResponseSpecBuilderTest" time="2.975" errors="0" timestamp="2023-09-24T10:17:58 IST" skipped="0">
  <testcase classname="ResponseSpecbuilder.ResponseSpecBuilderTest" name="SingleUser" time="0.438"/>
  <testcase classname="ResponseSpecbuilder.ResponseSpecBuilderTest" name="ListUser" time="2.537"/>
</testsuite> <!-- ResponseSpecbuilder.ResponseSpecBuilderTest -->
