<?xml version="1.0" encoding="UTF-8"?>
<!-- Generated by org.testng.reporters.JUnitReportReporter -->
<testsuite hostname="DESKTOP-DN37M11" failures="0" tests="1" name="ParseJsonInAnotherWay" time="4.152" errors="0" timestamp="2023-09-25T22:08:07 IST" skipped="0">
  <testcase classname="ParseJsonInAnotherWay" name="parseJsonSway" time="4.152"/>
</testsuite> <!-- ParseJsonInAnotherWay -->
