<?xml version="1.0" encoding="UTF-8"?>
<!-- Generated by org.testng.reporters.JUnitReportReporter -->
<testsuite hostname="DESKTOP-DN37M11" failures="0" tests="2" name="BasicRestTest.GetPostValidation" time="4.818" errors="0" timestamp="2023-09-17T12:40:49 IST" skipped="0">
  <testcase classname="BasicRestTest.GetPostValidation" name="getAPiValidation" time="1.199"/>
  <testcase classname="BasicRestTest.GetPostValidation" name="PostApiValidation" time="3.619"/>
</testsuite> <!-- BasicRestTest.GetPostValidation -->
