<?xml version="1.0" encoding="UTF-8"?>
<!-- Generated by org.testng.reporters.JUnitReportReporter -->
<testsuite hostname="DESKTOP-DN37M11" failures="0" tests="1" name="TestNGFeature.TestNGGrop" time="0.015" errors="0" timestamp="2023-10-10T09:15:01 IST" skipped="0">
  <testcase classname="TestNGFeature.TestNGGrop" name="login" time="0.015"/>
</testsuite> <!-- TestNGFeature.TestNGGrop -->
