<?xml version="1.0" encoding="UTF-8"?>
<!-- Generated by org.testng.reporters.JUnitReportReporter -->
<testsuite hostname="DESKTOP-DN37M11" failures="0" tests="1" name="Authorization.BasicAuthentication" time="4.497" errors="0" timestamp="2023-09-23T15:51:43 IST" skipped="0">
  <testcase classname="Authorization.BasicAuthentication" name="BasicAuthent" time="4.497"/>
</testsuite> <!-- Authorization.BasicAuthentication -->
