<?xml version="1.0" encoding="UTF-8"?>
<!-- Generated by org.testng.reporters.JUnitReportReporter -->
<testsuite hostname="DESKTOP-DN37M11" failures="0" tests="1" name="Authorization.APIKeyRest" time="4.756" errors="0" timestamp="2023-09-23T11:53:18 IST" skipped="0">
  <testcase classname="Authorization.APIKeyRest" name="weither" time="4.756"/>
</testsuite> <!-- Authorization.APIKeyRest -->
