<?xml version="1.0" encoding="UTF-8"?>
<!-- Generated by org.testng.reporters.JUnitReportReporter -->
<testsuite hostname="DESKTOP-DN37M11" failures="0" tests="2" name="Authorization.Oth2" time="6.218" errors="0" timestamp="2023-09-23T14:16:38 IST" skipped="0">
  <testcase classname="Authorization.Oth2" name="ToGetToken" time="4.629"/>
  <testcase classname="Authorization.Oth2" name="GetItemsList" time="1.589"/>
</testsuite> <!-- Authorization.Oth2 -->
