<?xml version="1.0" encoding="UTF-8"?>
<!-- Generated by org.testng.reporters.JUnitReportReporter -->
<testsuite hostname="DESKTOP-DN37M11" failures="0" tests="1" name="JSonParserPakage.ParseJsonUsingJsonPathPakage" time="3.160" errors="0" timestamp="2023-09-26T13:36:48 IST" skipped="0">
  <testcase classname="JSonParserPakage.ParseJsonUsingJsonPathPakage" name="jsonPathPakage" time="3.160"/>
</testsuite> <!-- JSonParserPakage.ParseJsonUsingJsonPathPakage -->
