<?xml version="1.0" encoding="UTF-8"?>
<!-- Generated by org.testng.reporters.JUnitReportReporter -->
<testsuite hostname="DESKTOP-DN37M11" failures="0" tests="1" name="JsonSchemaValidationTestTest" time="3.271" errors="0" timestamp="2023-09-25T11:51:55 IST" skipped="0">
  <testcase classname="JsonSchemaValidationTestTest" name="jsonSchemaValidator" time="3.271"/>
</testsuite> <!-- JsonSchemaValidationTestTest -->
