<?xml version="1.0" encoding="UTF-8"?>
<!-- Generated by org.testng.reporters.JUnitReportReporter -->
<testsuite hostname="DESKTOP-DN37M11" failures="0" tests="3" name="BasicRestTest.PutPatchAndDeleteValidation" time="5.217" errors="0" timestamp="2023-09-17T13:28:57 IST" skipped="0">
  <testcase classname="BasicRestTest.PutPatchAndDeleteValidation" name="PutApiValidation" time="0.683"/>
  <testcase classname="BasicRestTest.PutPatchAndDeleteValidation" name="DeleteAPiValidation" time="3.229"/>
  <testcase classname="BasicRestTest.PutPatchAndDeleteValidation" name="PatchAPiValidation" time="1.305"/>
</testsuite> <!-- BasicRestTest.PutPatchAndDeleteValidation -->
