<?xml version="1.0" encoding="UTF-8"?>
<!-- Generated by org.testng.reporters.JUnitReportReporter -->
<testsuite hostname="DESKTOP-DN37M11" failures="0" tests="2" name="BasicRestTest.ListUserAPI" time="3.648" errors="0" timestamp="2023-09-17T10:51:03 IST" skipped="0">
  <testcase classname="BasicRestTest.ListUserAPI" name="Test1" time="3.128"/>
  <testcase classname="BasicRestTest.ListUserAPI" name="Test2" time="0.520"/>
</testsuite> <!-- BasicRestTest.ListUserAPI -->
