<?xml version="1.0" encoding="UTF-8"?>
<!-- Generated by org.testng.reporters.JUnitReportReporter -->
<testsuite hostname="DESKTOP-DN37M11" failures="0" tests="1" name="Authorization.DigestAuth" time="5.350" errors="0" timestamp="2023-09-23T16:16:44 IST" skipped="0">
  <testcase classname="Authorization.DigestAuth" name="DigestAuth" time="5.350"/>
</testsuite> <!-- Authorization.DigestAuth -->
