<?xml version="1.0" encoding="UTF-8"?>
<!-- Generated by org.testng.reporters.JUnitReportReporter -->
<testsuite hostname="DESKTOP-DN37M11" failures="0" tests="2" name="BasicRestTest.ListUserAPI" time="4.555" errors="0" timestamp="2023-09-17T11:17:46 IST" skipped="0">
  <testcase classname="BasicRestTest.ListUserAPI" name="Test1" time="3.325"/>
  <testcase classname="BasicRestTest.ListUserAPI" name="Test2" time="1.230"/>
</testsuite> <!-- BasicRestTest.ListUserAPI -->
