<?xml version="1.0" encoding="UTF-8"?>
<!-- Generated by org.testng.reporters.JUnitReportReporter -->
<testsuite hostname="DESKTOP-DN37M11" failures="0" tests="2" name="Handing.Cokkies.RestAssured.HandleCokies" time="3.116" errors="0" timestamp="2023-09-27T14:44:59 IST" skipped="0">
  <testcase classname="Handing.Cokkies.RestAssured.HandleCokies" name="CookiesData" time="0.012"/>
  <testcase classname="Handing.Cokkies.RestAssured.HandleCokies" name="CokkiesTest" time="3.104"/>
</testsuite> <!-- Handing.Cokkies.RestAssured.HandleCokies -->
