<?xml version="1.0" encoding="UTF-8"?>
<!-- Generated by org.testng.reporters.JUnitReportReporter -->
<testsuite hostname="DESKTOP-DN37M11" failures="0" tests="1" name="DesignComplexJsonPojocClass.RestAssuredE2eTest" time="6.220" errors="0" timestamp="2023-09-23T22:02:51 IST" skipped="0">
  <testcase classname="DesignComplexJsonPojocClass.RestAssuredE2eTest" name="E2EAPITest" time="6.220"/>
</testsuite> <!-- DesignComplexJsonPojocClass.RestAssuredE2eTest -->
